PLINK v1.90b6.21 64-bit (19 Oct 2020)
Options in effect:
  --bfile DataS1
  --maf 0.01
  --out s1
  --recode

Hostname: thinkpad
Working directory: /home/adr/Dropbox/eran/Data
Start time: Tue Mar  7 07:48:47 2023

Random number seed: 1678171727
11847 MB RAM detected; reserving 5923 MB for main workspace.
147229 variants loaded from .bim file.
961 people (526 males, 388 females, 47 ambiguous) loaded from .fam.
Ambiguous sex IDs written to s1.nosex .
935 phenotype values loaded from .fam.
Warning: Ignoring phenotypes of missing-sex samples.  If you don't want those
phenotypes to be ignored, use the --allow-no-sex flag.
Using 1 thread (no multithreaded calculations invoked).
Before main variant filters, 961 founders and 0 nonfounders present.
Calculating allele frequencies... done.
Total genotyping rate is 0.495431.
28392 variants removed due to minor allele threshold(s)
(--maf/--max-maf/--mac/--max-mac).
118837 variants and 961 people pass filters and QC.
Among remaining phenotypes, 0 are cases and 935 are controls.  (26 phenotypes
are missing.)
--recode ped to s1.ped + s1.map ... done.

End time: Tue Mar  7 07:48:51 2023


(237680-6)/2 = 118837