PLINK v1.90b6.21 64-bit (19 Oct 2020)
Options in effect:
  --bfile DataS1
  --out DataS1
  --recode

Hostname: bioinf-biol302448.biol.lu.se
Working directory: /home/inf-48-2022/eran/Data
Start time: Wed Mar  8 14:33:36 2023

Random number seed: 1678282416
15935 MB RAM detected; reserving 7967 MB for main workspace.
147229 variants loaded from .bim file.
961 people (526 males, 388 females, 47 ambiguous) loaded from .fam.
Ambiguous sex IDs written to DataS1.nosex .
935 phenotype values loaded from .fam.
Warning: Ignoring phenotypes of missing-sex samples.  If you don't want those
phenotypes to be ignored, use the --allow-no-sex flag.
Using 1 thread (no multithreaded calculations invoked).
Before main variant filters, 961 founders and 0 nonfounders present.
Calculating allele frequencies... done.
Total genotyping rate is 0.495431.
147229 variants and 961 people pass filters and QC.
Among remaining phenotypes, 0 are cases and 935 are controls.  (26 phenotypes
are missing.)
--recode ped to DataS1.ped + DataS1.map ... done.

End time: Wed Mar  8 14:33:38 2023
